Microsoft (R) Macro Assembler (x64) Version 14.29.30133.0   09/29/21 13:17:42
actor_server_x64.asm					     Page 1 - 1


 00000000			.code
 00000000			CallActorServiceGen PROC
 00000000  48/ 8B C1		mov rax, rcx
 00000003  48/ 8B FA		mov rdi, rdx
 00000006  48/ 83 EC 20		sub rsp,20h
 0000000A  41/ 50		push r8
 0000000C  41/ 52		push r10
 0000000E  41/ 53		push r11
 00000010  57			push rdi
 00000011  48/ 85 FF		test rdi, rdi
 00000014  74 4E		je toCall

 00000016  48/ 8B 08		mov rcx, qword ptr[rax]
 00000019  48/ 83 C0 18		add rax,18h
 0000001D  48/ 83 FF 01		cmp rdi, 1
 00000021  74 41		je toCall

 00000023  48/ 8B 10		mov rdx, qword ptr[rax]
 00000026  48/ 83 C0 18		add rax,18h
 0000002A  48/ 83 FF 02		cmp rdi, 2
 0000002E  74 34		je toCall

 00000030  4C/ 8B 00		mov r8, qword ptr[rax]
 00000033  48/ 83 C0 18		add rax,18h
 00000037  48/ 83 FF 03		cmp rdi, 3
 0000003B  74 27		je toCall

 0000003D  4C/ 8B 08		mov r9, qword ptr[rax]
 00000040  48/ 83 C0 18		add rax,18h
 00000044  48/ 83 FF 04		cmp rdi, 4
 00000048  74 1A		je toCall

 0000004A  49/ C7 C2		mov r10, 5
	   00000005

 00000051			ToStack:
 00000051  4C/ 3B D7		cmp r10, rdi
 00000054  72 0E		jb toCall
 00000056  4C/ 8B 18		mov r11, qword ptr[rax]
 00000059  41/ 53		push r11
 0000005B  48/ 83 C0 18		add rax,18h
 0000005F  49/ FF C2		inc r10
 00000062  EB ED		jmp ToStack

 00000064			toCall:
 00000064  5F			pop rdi
 00000065  41/ 5B		pop r11
 00000067  41/ 5A		pop r10
 00000069  58			pop rax
 0000006A  FF D0		call rax
 0000006C  48/ 83 C4 20		add rsp, 20h
 00000070  C3			ret
 00000071			CallActorServiceGen ENDP

 00000071			GetProcessPeb PROC
 00000071  65: 48/ 8B 04 25	mov rax,gs:[60h]
	   00000060
 0000007A  C3			ret
 0000007B			GetProcessPeb ENDP
				END
Microsoft (R) Macro Assembler (x64) Version 14.29.30133.0   09/29/21 13:17:42
actor_server_x64.asm					     Symbols 2 - 1




Procedures, parameters, and locals:

                N a m e                 Type     Value    Attr

CallActorServiceGen  . . . . . .	P 	 00000000 _TEXT	Length= 00000071 Public
  ToStack  . . . . . . . . . . .	L 	 00000051 _TEXT	
  toCall . . . . . . . . . . . .	L 	 00000064 _TEXT	
GetProcessPeb  . . . . . . . . .	P 	 00000071 _TEXT	Length= 0000000A Public


Symbols:

                N a m e                 Type     Value    Attr


	   0 Warnings
	   0 Errors
